<?xml version="1.0" encoding="UTF-8"?>
<!-- Generated by org.testng.reporters.JUnitReportReporter -->
<testsuite hostname="DESKTOP-P0KEOM8" failures="0" tests="2" name="testNGExecution.TestMethod1" time="0.219" errors="0" timestamp="2023-07-18T15:46:19 IST" skipped="0">
  <testcase classname="testNGExecution.TestMethod1" name="TestMethodd2" time="0.060">
    <system-out>
      <![CDATA[tread id of testMethod2:17]]>
    </system-out>
  </testcase> <!-- TestMethodd2 -->
  <testcase classname="testNGExecution.TestMethod1" name="TestMethodd1" time="0.159">
    <system-out>
      <![CDATA[tread id of testMethod1:16]]>
    </system-out>
  </testcase> <!-- TestMethodd1 -->
  <system-out>
    <![CDATA[tread id of testMethod3:18
tread id of testMethod6:18
tread id of testMethod2:17
tread id of testMethod4:19
tread id of testMethod5:20
tread id of testMethod1:16]]>
  </system-out>
</testsuite> <!-- testNGExecution.TestMethod1 -->
