<?xml version="1.0" encoding="UTF-8"?>
<!-- Generated by org.testng.reporters.JUnitReportReporter -->
<testsuite hostname="DESKTOP-P0KEOM8" failures="0" tests="1" name="testNG.Demo" time="83.996" errors="0" timestamp="2023-07-17T15:17:51 IST" skipped="0">
  <testcase classname="testNG.Demo" name="method1" time="83.996"/>
</testsuite> <!-- testNG.Demo -->
