<?xml version="1.0" encoding="UTF-8"?>
<!-- Generated by org.testng.reporters.JUnitReportReporter -->
<testsuite hostname="DESKTOP-P0KEOM8" failures="0" tests="2" name="testNGAnnotation_Flags.Flag5" time="0.065" errors="0" timestamp="2023-07-23T21:43:40 IST" skipped="0">
  <testcase classname="testNGAnnotation_Flags.Flag5" name="loginMethod" time="0.046"/>
  <testcase classname="testNGAnnotation_Flags.Flag5" name="createUserMethod" time="0.019"/>
</testsuite> <!-- testNGAnnotation_Flags.Flag5 -->
