<?xml version="1.0" encoding="UTF-8"?>
<!-- Generated by org.testng.reporters.JUnitReportReporter -->
<testsuite hostname="DESKTOP-P0KEOM8" failures="0" tests="1" name="testNGAnnotation_Flags.AnnotationsClass" time="0.114" errors="0" timestamp="2023-07-19T20:02:16 IST" skipped="0">
  <testcase classname="testNGAnnotation_Flags.AnnotationsClass" name="Method1" time="0.114">
    <system-out>
      <![CDATA[TestAnnotation]]>
    </system-out>
  </testcase> <!-- Method1 -->
  <system-out>
    <![CDATA[BeforeSuiteAnnotation
BeforeTestAnnotation
BeforeClassAnnotation
BeforeMethod2Annotation
TestAnnotation
AfterMethod1Annotation
AfterTestAnnotation
AfterSuiteAnnotation]]>
  </system-out>
</testsuite> <!-- testNGAnnotation_Flags.AnnotationsClass -->
