<?xml version="1.0" encoding="UTF-8"?>
<!-- Generated by org.testng.reporters.JUnitReportReporter -->
<testsuite hostname="DESKTOP-P0KEOM8" failures="0" tests="8" name="testNGAnnotation_Flags.Flag4" time="0.540" errors="0" timestamp="2023-07-23T21:33:09 IST" skipped="0">
  <testcase classname="testNGAnnotation_Flags.Flag4" name="e" time="0.169"/>
  <testcase classname="testNGAnnotation_Flags.Flag4" name="f" time="0.204"/>
  <testcase classname="testNGAnnotation_Flags.Flag4" name="m" time="0.038"/>
  <testcase classname="testNGAnnotation_Flags.Flag4" name="d" time="0.050"/>
  <testcase classname="testNGAnnotation_Flags.Flag4" name="i" time="0.021"/>
  <testcase classname="testNGAnnotation_Flags.Flag4" name="p" time="0.023"/>
  <testcase classname="testNGAnnotation_Flags.Flag4" name="k" time="0.016"/>
  <testcase classname="testNGAnnotation_Flags.Flag4" name="z" time="0.019"/>
</testsuite> <!-- testNGAnnotation_Flags.Flag4 -->
