<?xml version="1.0" encoding="UTF-8"?>
<!-- Generated by org.testng.reporters.JUnitReportReporter -->
<testsuite hostname="DESKTOP-P0KEOM8" failures="0" tests="2" name="testNGExecution.TestMethod22" time="0.149" errors="0" timestamp="2023-07-18T15:46:19 IST" skipped="0">
  <testcase classname="testNGExecution.TestMethod22" name="TestMethodd4" time="0.057">
    <system-out>
      <![CDATA[tread id of testMethod4:19]]>
    </system-out>
  </testcase> <!-- TestMethodd4 -->
  <testcase classname="testNGExecution.TestMethod22" name="TestMethodd3" time="0.092">
    <system-out>
      <![CDATA[tread id of testMethod3:18]]>
    </system-out>
  </testcase> <!-- TestMethodd3 -->
  <system-out>
    <![CDATA[tread id of testMethod3:18
tread id of testMethod6:18
tread id of testMethod2:17
tread id of testMethod4:19
tread id of testMethod5:20
tread id of testMethod1:16]]>
  </system-out>
</testsuite> <!-- testNGExecution.TestMethod22 -->
