<?xml version="1.0" encoding="UTF-8"?>
<!-- Generated by org.testng.reporters.JUnitReportReporter -->
<testsuite hostname="DESKTOP-P0KEOM8" failures="0" tests="2" name="testNGAnnotation_Flags.Flag2" time="0.046" errors="0" timestamp="2023-07-22T12:11:26 IST" skipped="1">
  <testcase classname="testNGAnnotation_Flags.Flag2" name="method1" time="0.046">
    <system-out>
      <![CDATA[method1 from flag1]]>
    </system-out>
  </testcase> <!-- method1 -->
  <testcase classname="testNGAnnotation_Flags.Flag2" name="method2">
    <skipped/>
  </testcase> <!-- method2 -->
  <system-out>
    <![CDATA[method1 from flag1]]>
  </system-out>
</testsuite> <!-- testNGAnnotation_Flags.Flag2 -->
