<?xml version="1.0" encoding="UTF-8"?>
<!-- Generated by org.testng.reporters.JUnitReportReporter -->
<testsuite hostname="DESKTOP-P0KEOM8" failures="0" tests="9" name="testNGAnnotation_Flags.Flag6" time="0.426" errors="0" timestamp="2023-07-23T21:52:39 IST" skipped="0">
  <testcase classname="testNGAnnotation_Flags.Flag6" name="ft2" time="0.025">
    <system-out>
      <![CDATA[ftc2]]>
    </system-out>
  </testcase> <!-- ft2 -->
  <testcase classname="testNGAnnotation_Flags.Flag6" name="st1" time="0.024">
    <system-out>
      <![CDATA[stc1]]>
    </system-out>
  </testcase> <!-- st1 -->
  <testcase classname="testNGAnnotation_Flags.Flag6" name="st2" time="0.009">
    <system-out>
      <![CDATA[stc2]]>
    </system-out>
  </testcase> <!-- st2 -->
  <testcase classname="testNGAnnotation_Flags.Flag6" name="st3" time="0.014">
    <system-out>
      <![CDATA[stc3]]>
    </system-out>
  </testcase> <!-- st3 -->
  <testcase classname="testNGAnnotation_Flags.Flag6" name="it3" time="0.029">
    <system-out>
      <![CDATA[itc3]]>
    </system-out>
  </testcase> <!-- it3 -->
  <testcase classname="testNGAnnotation_Flags.Flag6" name="it2" time="0.020">
    <system-out>
      <![CDATA[itc2]]>
    </system-out>
  </testcase> <!-- it2 -->
  <testcase classname="testNGAnnotation_Flags.Flag6" name="ft3" time="0.211">
    <system-out>
      <![CDATA[ftc3]]>
    </system-out>
  </testcase> <!-- ft3 -->
  <testcase classname="testNGAnnotation_Flags.Flag6" name="ft1" time="0.061">
    <system-out>
      <![CDATA[ftc1]]>
    </system-out>
  </testcase> <!-- ft1 -->
  <testcase classname="testNGAnnotation_Flags.Flag6" name="it1" time="0.033">
    <system-out>
      <![CDATA[itc1]]>
    </system-out>
  </testcase> <!-- it1 -->
  <system-out>
    <![CDATA[ftc1
ftc2
ftc3
itc1
itc2
itc3
stc1
stc2
stc3]]>
  </system-out>
</testsuite> <!-- testNGAnnotation_Flags.Flag6 -->
