<?xml version="1.0" encoding="UTF-8"?>
<!-- Generated by org.testng.reporters.JUnitReportReporter -->
<testsuite hostname="DESKTOP-P0KEOM8" failures="0" tests="2" name="testNGExecution.TestMethod33" time="0.270" errors="0" timestamp="2023-07-18T15:46:19 IST" skipped="0">
  <testcase classname="testNGExecution.TestMethod33" name="TestMethodd6" time="0.092">
    <system-out>
      <![CDATA[tread id of testMethod6:18]]>
    </system-out>
  </testcase> <!-- TestMethodd6 -->
  <testcase classname="testNGExecution.TestMethod33" name="TestMethodd5" time="0.178">
    <system-out>
      <![CDATA[tread id of testMethod5:20]]>
    </system-out>
  </testcase> <!-- TestMethodd5 -->
  <system-out>
    <![CDATA[tread id of testMethod3:18
tread id of testMethod6:18
tread id of testMethod2:17
tread id of testMethod4:19
tread id of testMethod5:20
tread id of testMethod1:16]]>
  </system-out>
</testsuite> <!-- testNGExecution.TestMethod33 -->
