<?xml version="1.0" encoding="UTF-8"?>
<!-- Generated by org.testng.reporters.JUnitReportReporter -->
<testsuite hostname="DESKTOP-P0KEOM8" failures="0" tests="12" name="testNGAnnotation_Flags.Groups" time="0.415" errors="0" timestamp="2023-08-04T22:01:53 IST" skipped="0">
  <testcase classname="testNGAnnotation_Flags.Groups" name="st2" time="0.010"/>
  <testcase classname="testNGAnnotation_Flags.Groups" name="st4" time="0.013"/>
  <testcase classname="testNGAnnotation_Flags.Groups" name="it4" time="0.021"/>
  <testcase classname="testNGAnnotation_Flags.Groups" name="st3" time="0.012"/>
  <testcase classname="testNGAnnotation_Flags.Groups" name="st1" time="0.016"/>
  <testcase classname="testNGAnnotation_Flags.Groups" name="it3" time="0.019"/>
  <testcase classname="testNGAnnotation_Flags.Groups" name="ft4" time="0.003"/>
  <testcase classname="testNGAnnotation_Flags.Groups" name="it2" time="0.039"/>
  <testcase classname="testNGAnnotation_Flags.Groups" name="ft2" time="0.051"/>
  <testcase classname="testNGAnnotation_Flags.Groups" name="ft3" time="0.005"/>
  <testcase classname="testNGAnnotation_Flags.Groups" name="it1" time="0.067"/>
  <testcase classname="testNGAnnotation_Flags.Groups" name="ft1" time="0.159"/>
</testsuite> <!-- testNGAnnotation_Flags.Groups -->
